[Sources]
DECODE=C:\FNDTN\ACTIVE\PROJECTS\RS232CON\Decode.vhd
DECODECNT=C:\FNDTN\ACTIVE\PROJECTS\RS232CON\Decodecnt.vhd
PARITY_TEST=C:\FNDTN\ACTIVE\PROJECTS\RS232CON\Parity_Test.vhd
PINOUTDECODE=C:\FNDTN\ACTIVE\PROJECTS\RS232CON\Pinoutdecode.vhd

[top_entity]
DECODE=Decoder
DECODECNT=CDDECODE

[user macro]
CONTROLBEAST=1007
DECODE=1004
DECODECNT=1004
PARITY_TEST=1004
PINOUTDECODE=1007

[system macro]
CB16CLED=155
FDR=155
OR6=155
FTCLEX=155
M2_1B1=155
M2_1=155
FD=155

[system chip]
OBUF=155
IBUF=155
OR3=155
AND2=155
AND4B3=155
AND4B2=155
AND3=155
OR2=155
AND4B1=155
AND2B1=155
AND3B1=155
AND3B2=155
AND4=155
AND5B4=155
AND5=155
AND2B2=155
VCC=155
AND4B4=155
AND3B3=155
XOR2=155
FDCE=155
GND=155
