
Inferred memory devices in process 'state_update'
	in routine ASM_CONFIG_1
         line 33 in file 'C:/fndtn/active/projects/p_fy_mk3/asm_config_1.vhd'.
===============================================================================
|    Register Name    |   Type    | Width | Bus | MB | AR | AS | SR | SS | ST |
===============================================================================
|  CURRENT_STATE_reg  | Flip-flop |   8   |  N  | N  | ?  | ?  | ?  | ?  | ?  |
===============================================================================

CURRENT_STATE_reg<4>
--------------------
    Async-reset: CLR


CURRENT_STATE_reg<0>
--------------------
    Async-set: CLR
    Sync-reset: true


CURRENT_STATE_reg<2>
--------------------
    Async-reset: CLR


CURRENT_STATE_reg<6>
--------------------
    Async-reset: CLR


CURRENT_STATE_reg<7>
--------------------
    Async-reset: CLR


CURRENT_STATE_reg<1>
--------------------
    Async-reset: CLR


CURRENT_STATE_reg<3>
--------------------
    Async-reset: CLR


CURRENT_STATE_reg<5>
--------------------
    Async-reset: CLR


Writing to hnl file 'c:\Fndtn\Active\Projects\P_FY_MK3\p_fy_mk3/workdirs/WORK/ASM_CONFIG_1.hnl'
