Loading - C:\FNDTN\ACTIVE\PROJECTS\RS232MBR\rs232mbr.alb
   Loading library default timing values
Loading - DECOD
   Loading library default timing values
Loading - LD_1
   Loading library default timing values
Loading - ASM_CONTROLLER
   Loading library default timing values
Loading - FDR
   Loading library default timing values
Loading - FD
   Loading library default timing values
Loading - CB16RE
   Loading library default timing values
Loading - FTRSE
   Loading library default timing values
Loading - FDRE
   Loading library default timing values
===============================
Memory usage statistics:
    Total number of allocated memory blocks: 409 (0)
    Total number of memory reallocations: 5
    Total length of memory used to load the netlist: 256 kB (0)
    Number of system memory blocks (total/long): 1/0
Netlist loaded in: 2 seconds
===============================
