ngdbuild -p xc4010xl-09-pc84 -uc cons_int.ucf -dd .. c:\fndtn\active\projects\cons_int\cons_int.xnf cons_int.ngd
ngdbuild:  version C.16
Copyright (c) 1995-1999 Xilinx, Inc.  All rights reserved.

Command Line: ngdbuild -p xc4010xl-09-pc84 -uc cons_int.ucf -dd ..
c:\fndtn\active\projects\cons_int\cons_int.xnf cons_int.ngd 

Launcher: Executing xnf2ngd -p xc4000xl -u
"c:\fndtn\active\projects\cons_int\cons_int.xnf"
"C:\Fndtn\Active\Projects\CONS_INT\xproj\ver1\cons_int.ngo"
xnf2ngd:  version C.16
Copyright (c) 1995-1999 Xilinx, Inc.  All rights reserved.
   using XNF gate model
   reading XNF file "c:/fndtn/active/projects/cons_int/cons_int.xnf" ...
   Writing NGO file "C:/Fndtn/Active/Projects/CONS_INT/xproj/ver1/cons_int.ngo"
...
Reading NGO file "C:/Fndtn/Active/Projects/CONS_INT/xproj/ver1/cons_int.ngo"
...
Reading component libraries for design expansion...

Annotating constraints to design from file "cons_int.ucf" ...

Checking timing specifications ...

Checking expanded design ...

NGDBUILD Design Results Summary:
  Number of errors:     0
  Number of warnings:   0

Writing NGD file "cons_int.ngd" ...

Writing NGDBUILD log file "cons_int.bld"...

NGDBUILD done.

==================================================

map -p xc4010xl-09-pc84 -o map.ncd cons_int.ngd cons_int.pcf
map:  version C.16
Copyright (c) 1995-1999 Xilinx, Inc.  All rights reserved.
Reading NGD file "cons_int.ngd"...
Using target part "4010xlpc84-09".
MAP xc4000xl directives:
   Partname = "xc4010xl-09-pc84".
   Covermode = "area".
   Pack Unrelated Logic into CLBs targeting 100% of CLB resources.
Processing logical timing constraints...
Verifying F/HMAP validity based on pre-trimmed logic...
Removing unused logic...
Packing logic in CLBs...
   Running cover...
   Undirected packing...
Running physical design DRC...

Design Summary:
   Number of errors:        0
   Number of warnings:     14
   Number of CLBs:             19 out of   400    4%
      CLB Flip Flops:       8
      CLB Latches:          0
      4 input LUTs:        36
      3 input LUTs:         1
   Number of bonded IOBs:      24 out of    65   36%
      IOB Flops:            4
      IOB Latches:          0
   Number of clock IOB pads:    1 out of    12    8%
   Number of BUFGLSs:           1 out of     8   12%
Total equivalent gate count for design: 292
Additional JTAG gate count for IOBs:    1152
Writing design file "map.ncd"...

Removed Logic Summary:
  30 block(s) removed
   1 block(s) optimized away
  30 signal(s) removed

Mapping completed.
See MAP report file "map.mrp" for details.

==================================================

par  -w -ol 2 -d 0 map.ncd cons_int.ncd cons_int.pcf
PAR: Xilinx Place And Route C.16.
Copyright (c) 1995-1999 Xilinx, Inc.  All rights reserved.



Constraints file: cons_int.pcf

Loading device database for application par from file "map.ncd".
   "cons_int" is an NCD, version 2.28, device xc4010xl, package pc84, speed -09
Loading device for application par from file '4010xl.nph' in environment
C:/Fndtn.
Device speed data version:  C 1.1.2.2 PRELIMINARY.


Resolving physical constraints.
Finished resolving physical constraints.

Device utilization summary:

   Number of External IOBs            23 out of 61     37%
      Flops:                           4
      Latches:                         0
   Number of Global Buffer IOBs        1 out of 8      12%
      Flops:                           0
      Latches:                         0

   Number of CLBs                     19 out of 400     4%
      Total Latches:                   0 out of 800     0%
      Total CLB Flops:                 8 out of 800     1%
      4 input LUTs:                   36 out of 800     4%
      3 input LUTs:                    1 out of 400     1%

   Number of BUFGLSs                   1 out of 8      12%



Overall effort level (-ol):   2 (set by user)
Placer effort level (-pl):    2 (set by user)
Placer cost table entry (-t): 1
Router effort level (-rl):    2 (set by user)

Starting initial Placement phase.  REAL time: 0 secs 
Finished initial Placement phase.  REAL time: 2 secs 

Starting Constructive Placer.  REAL time: 2 secs 
Placer score = 14580
Placer score = 10320
Placer score = 7770
Placer score = 7080
Placer score = 6540
Placer score = 6060
Placer score = 6030
Placer score = 5820
Placer score = 5730
Placer score = 5640
Finished Constructive Placer.  REAL time: 2 secs 

Writing design to file "cons_int.ncd".

Starting Optimizing Placer.  REAL time: 2 secs 
Optimizing  
Swapped 16 comps.
Xilinx Placer [1]   5250   REAL time: 2 secs 

Finished Optimizing Placer.  REAL time: 2 secs 

Writing design to file "cons_int.ncd".

Total REAL time to Placer completion: 2 secs 
Total CPU time to Placer completion: 2 secs 

0 connection(s) routed; 140 unrouted.
Starting router resource preassignment
Completed router resource preassignment. REAL time: 2 secs 
Starting iterative routing. 
Routing active signals.
End of iteration 1 
140 successful; 0 unrouted; (0) REAL time: 2 secs 
Constraints are met. 
Routing PWR/GND nets.
Power and ground nets completely routed. 
Writing design to file "cons_int.ncd".
Starting cleanup 
Improving routing.
End of cleanup iteration 1 
140 successful; 0 unrouted; (0) REAL time: 2 secs 
Writing design to file "cons_int.ncd".
Total REAL time: 2 secs 
Total CPU  time: 2 secs 
End of route.  140 routed (100.00%); 0 unrouted.
No errors found. 
Completely routed. 

This design was run without timing constraints.  It is likely that much better
circuit performance can be obtained by trying either or both of the following:

  - Enabling the Delay Based Cleanup router pass, if not already enabled
  - Supplying timing constraints in the input design


Total REAL time to Router completion: 2 secs 
Total CPU time to Router completion: 2 secs 

Generating PAR statistics.
Writing design to file "cons_int.ncd".


All signals are completely routed.

Total REAL time to PAR completion: 2 secs 
Total CPU time to PAR completion: 2 secs 

PAR done.

==================================================

trce cons_int.ncd cons_int.pcf -e 3 -o cons_int.twr
Xilinx TRACE, Version C.16
Copyright (c) 1995-1999 Xilinx, Inc.  All rights reserved.


Loading device database for application trce from file "cons_int.ncd".
   "cons_int" is an NCD, version 2.28, device xc4010xl, package pc84, speed -09
Loading device for application trce from file '4010xl.nph' in environment
C:/Fndtn.
--------------------------------------------------------------------------------
Xilinx TRACE, Version C.16
Copyright (c) 1995-1999 Xilinx, Inc.  All rights reserved.

Design file:              cons_int.ncd
Physical constraint file: cons_int.pcf
Device,speed:             xc4010xl,-09 (C 1.1.2.2 PRELIMINARY)
Report level:             error report
--------------------------------------------------------------------------------

WARNING:Timing - No timing constraints found, doing default enumeration.


Timing summary:
---------------

Timing errors: 0  Score: 0

Constraints cover 289 paths, 42 nets, and 140 connections (100.0% coverage)

Design statistics:
   Minimum period:  17.921ns (Maximum frequency:  55.800MHz)
   Maximum net delay:   5.799ns


Analysis completed Tue Jan 23 21:01:31 2001
--------------------------------------------------------------------------------

Total time: 0 secs 

==================================================

ngdanno cons_int.ncd map.ngm 
ngdanno:  version C.16
Copyright (c) 1995-1999 Xilinx, Inc.  All rights reserved.

Loading device database for application ngdanno from file "cons_int.ncd".
   "cons_int" is an NCD, version 2.28, device xc4010xl, package pc84, speed -09
Loading device for application ngdanno from file '4010xl.nph' in environment
C:/Fndtn.
Reading .ngm file "map.ngm"...
Building NGA image...
Annotating NGA image...
Distributing delays...
Writing .nga file "cons_int.nga"...
   28 logical models annotated

==================================================

ngd2edif -w -v fndtn cons_int.nga time_sim.edn
ngd2edif:  version C.16
Copyright (c) 1995-1999 Xilinx, Inc.  All rights reserved.
   writing only delay properties to EDIF file
   dedicated signals will be given global scope
   running NGD DRC ...
   writing  EDIF file to 'time_sim.edn' ...

==================================================

xcpy time_sim.edn c:\fndtn\active\projects\cons_int\time_sim.edn

==================================================

bitgen cons_int.ncd  -l -w -f bitgen.ut
BITGEN: Xilinx Bitstream Generator C.16
Copyright (c) 1995-1999 Xilinx, Inc.  All rights reserved.

Loading device database for application Bitgen from file "cons_int.ncd".
   "cons_int" is an NCD, version 2.28, device xc4010xl, package pc84, speed -09
Loading device for application Bitgen from file '4010xl.nph' in environment
C:/Fndtn.
Opened constraints file cons_int.pcf.

Tue Jan 23 21:01:37 2001

Running DRC.
DRC detected 0 errors and 0 warnings.
Saving ll file in "cons_int.ll".
Creating bit map...
Saving bit stream in "cons_int.bit".

==================================================

xcpy cons_int.bit c:\fndtn\active\projects\cons_int\cons_int.bit

==================================================

xcpy cons_int.ll c:\fndtn\active\projects\cons_int\cons_int.ll
