[coded]
$Net00334_=X36_NET00334_X95
$1I120=X36_1I120
$1I130=X36_1I130
$1I53=X36_1I53
$1I54=X36_1I54
$1I55=X36_1I55
$1I56=X36_1I56
$1I57=X36_1I57
$1I58=X36_1I58
$1I59=X36_1I59
$1I60=X36_1I60
$1I61=X36_1I61
$1I62=X36_1I62
$1I63=X36_1I63
$1I64=X36_1I64
$1I65=X36_1I65
$1I66=X36_1I66
$1I68=X36_1I68
$1I69=X36_1I69
$1I70=X36_1I70
$1I71=X36_1I71
$1I72=X36_1I72
$1I73=X36_1I73
$1I74=X36_1I74
$1I77=X36_1I77
$1I83=X36_1I83
$1I84=X36_1I84
$1I86=X36_1I86
$1I87=X36_1I87
$1I90=X36_1I90
$1I94=X36_1I94
$1I95=X36_1I95
$1I96=X36_1I96
$1I99=X36_1I99

[generated]
TC_assign_I1=
Q8_assign_I0=
Q9_assign_I0=
Q10_assign_I0=
Q11_assign_I0=
Q12_assign_I0=
Q13_assign_I0=
Q14_assign_I0=
Q15_assign_I0=
Q4_assign_I0=
Q7_assign_I0=
Q6_assign_I0=
Q5_assign_I0=
Q1_assign_I0=
Q0_assign_D0=
Q3_assign_I0=
Q2_assign_I0=

[changed]
Q0=Q0_comp
Q1=Q1_comp
Q10=Q10_comp
Q11=Q11_comp
Q12=Q12_comp
Q13=Q13_comp
Q14=Q14_comp
Q15=Q15_comp
Q2=Q2_comp
Q3=Q3_comp
Q4=Q4_comp
Q5=Q5_comp
Q6=Q6_comp
Q7=Q7_comp
Q8=Q8_comp
Q9=Q9_comp
T1=T1_comp
T10=T10_comp
T11=T11_comp
T12=T12_comp
T13=T13_comp
T14=T14_comp
T15=T15_comp
T2=T2_comp
T3=T3_comp
T4=T4_comp
T5=T5_comp
T6=T6_comp
T7=T7_comp
T8=T8_comp
T9=T9_comp
TC=TC_comp
