ngdbuild -p xc4010xl-09-pc84 -uc matmul.ucf -dd .. c:\fndtn\active\projects\matmul\matmul.xnf matmul.ngd
ngdbuild:  version C.22
Copyright (c) 1995-1999 Xilinx, Inc.  All rights reserved.

Command Line: ngdbuild -p xc4010xl-09-pc84 -uc matmul.ucf -dd ..
c:\fndtn\active\projects\matmul\matmul.xnf matmul.ngd 

Launcher: Executing xnf2ngd -p xc4000xl -u
"c:\fndtn\active\projects\matmul\matmul.xnf"
"C:\Fndtn\Active\Projects\MatmuL\xproj\ver1\matmul.ngo"
xnf2ngd:  version C.22
Copyright (c) 1995-1999 Xilinx, Inc.  All rights reserved.
   using XNF gate model
   reading XNF file "c:/fndtn/active/projects/matmul/matmul.xnf" ...
   Writing NGO file "C:/Fndtn/Active/Projects/MatmuL/xproj/ver1/matmul.ngo" ...
Reading NGO file "C:/Fndtn/Active/Projects/MatmuL/xproj/ver1/matmul.ngo" ...
Reading component libraries for design expansion...

Annotating constraints to design from file "matmul.ucf" ...

Checking timing specifications ...

Checking expanded design ...

NGDBUILD Design Results Summary:
  Number of errors:     0
  Number of warnings:   0

Writing NGD file "matmul.ngd" ...

Writing NGDBUILD log file "matmul.bld"...

NGDBUILD done.

==================================================

map -p xc4010xl-09-pc84 -o map.ncd matmul.ngd matmul.pcf
map:  version C.22
Copyright (c) 1995-1999 Xilinx, Inc.  All rights reserved.
Reading NGD file "matmul.ngd"...
Using target part "4010xlpc84-09".
MAP xc4000xl directives:
   Partname = "xc4010xl-09-pc84".
   Covermode = "area".
   Pack Unrelated Logic into CLBs targeting 100% of CLB resources.
Processing logical timing constraints...
Verifying F/HMAP validity based on pre-trimmed logic...
Removing unused logic...
Packing logic in CLBs...
   Running cover...
   Undirected packing...
Running physical design DRC...

Design Summary:
   Number of errors:        0
   Number of warnings:      1
   Number of CLBs:             12 out of   400    3%
      CLB Flip Flops:       0
      CLB Latches:          0
      4 input LUTs:        24
      3 input LUTs:         0
   Number of bonded IOBs:      45 out of    65   69%
      IOB Flops:           20
      IOB Latches:          0
   Number of clock IOB pads:    1 out of    12    8%
   Number of BUFGLSs:           1 out of     8   12%
   Number of startup:           1 out of     1  100%
Total equivalent gate count for design: 264
Additional JTAG gate count for IOBs:    2160
Writing design file "map.ncd"...

Mapping completed.
See MAP report file "map.mrp" for details.

==================================================

par  -w -ol 5 -d 0 map.ncd matmul.ncd matmul.pcf
PAR: Xilinx Place And Route C.22.
Copyright (c) 1995-1999 Xilinx, Inc.  All rights reserved.



Constraints file: matmul.pcf

Loading device database for application par from file "map.ncd".
   "matmul" is an NCD, version 2.28, device xc4010xl, package pc84, speed -09
Loading device for application par from file '4010xl.nph' in environment
C:/Fndtn.
Device speed data version:  C 1.1.2.2 PRELIMINARY.


Resolving physical constraints.
Finished resolving physical constraints.

Device utilization summary:

   Number of External IOBs            44 out of 61     72%
      Flops:                          20
      Latches:                         0
   Number of Global Buffer IOBs        1 out of 8      12%
      Flops:                           0
      Latches:                         0

   Number of CLBs                     12 out of 400     3%
      Total Latches:                   0 out of 800     0%
      Total CLB Flops:                 0 out of 800     0%
      4 input LUTs:                   24 out of 800     3%
      3 input LUTs:                    0 out of 400     0%

   Number of BUFGLSs                   1 out of 8      12%
   Number of STARTUPs                  1 out of 1     100%



Overall effort level (-ol):   5 (set by user)
Placer effort level (-pl):    5 (set by user)
Placer cost table entry (-t): 1
Router effort level (-rl):    5 (set by user)

Starting initial Placement phase.  REAL time: 6 secs 
Finished initial Placement phase.  REAL time: 6 secs 

Starting Constructive Placer.  REAL time: 6 secs 
Placer score = 34890
Placer score = 31260
Placer score = 29640
Placer score = 26940
Placer score = 21240
Placer score = 19350
Placer score = 17910
Placer score = 17430
Placer score = 14250
Placer score = 13590
Placer score = 12690
Placer score = 11640
Placer score = 10890
Placer score = 10410
Placer score = 9000
Placer score = 8850
Placer score = 8580
Finished Constructive Placer.  REAL time: 9 secs 

Writing design to file "matmul.ncd".

Starting Optimizing Placer.  REAL time: 9 secs 
Optimizing  
Swapped 7 comps.
Xilinx Placer [1]   8220   REAL time: 9 secs 

Finished Optimizing Placer.  REAL time: 9 secs 

Writing design to file "matmul.ncd".

Total REAL time to Placer completion: 9 secs 
Total CPU time to Placer completion: 9 secs 

0 connection(s) routed; 122 unrouted.
Starting router resource preassignment
Completed router resource preassignment. REAL time: 10 secs 
Starting iterative routing. 
Routing active signals.
End of iteration 1 
122 successful; 0 unrouted; (0) REAL time: 10 secs 
Constraints are met. 
Routing PWR/GND nets.
Power and ground nets completely routed. 
Writing design to file "matmul.ncd".
Starting cleanup 
Improving routing.
End of cleanup iteration 1 
122 successful; 0 unrouted; (0) REAL time: 11 secs 
Writing design to file "matmul.ncd".
Total REAL time: 11 secs 
Total CPU  time: 11 secs 
End of route.  122 routed (100.00%); 0 unrouted.
No errors found. 
Completely routed. 

This design was run without timing constraints.  It is likely that much better
circuit performance can be obtained by trying either or both of the following:

  - Enabling the Delay Based Cleanup router pass, if not already enabled
  - Supplying timing constraints in the input design


Total REAL time to Router completion: 11 secs 
Total CPU time to Router completion: 11 secs 

Generating PAR statistics.
Writing design to file "matmul.ncd".


All signals are completely routed.

Total REAL time to PAR completion: 11 secs 
Total CPU time to PAR completion: 11 secs 

PAR done.

==================================================

trce matmul.ncd matmul.pcf -e 3 -o matmul.twr
Xilinx TRACE, Version C.22
Copyright (c) 1995-1999 Xilinx, Inc.  All rights reserved.


Loading device database for application trce from file "matmul.ncd".
   "matmul" is an NCD, version 2.28, device xc4010xl, package pc84, speed -09
Loading device for application trce from file '4010xl.nph' in environment
C:/Fndtn.
--------------------------------------------------------------------------------
Xilinx TRACE, Version C.22
Copyright (c) 1995-1999 Xilinx, Inc.  All rights reserved.

Design file:              matmul.ncd
Physical constraint file: matmul.pcf
Device,speed:             xc4010xl,-09 (C 1.1.2.2 PRELIMINARY)
Report level:             error report
--------------------------------------------------------------------------------

WARNING:Timing:181 - No timing constraints found, doing default enumeration.


Timing summary:
---------------

Timing errors: 0  Score: 0

Constraints cover 160 paths, 50 nets, and 122 connections (100.0% coverage)

Design statistics:
   Minimum period:  22.280ns (Maximum frequency:  44.883MHz)
   Maximum net delay:  14.756ns


Analysis completed Thu Dec 21 19:17:36 2000
--------------------------------------------------------------------------------

Total time: 4 secs 

==================================================

ngdanno matmul.ncd map.ngm 
ngdanno:  version C.22
Copyright (c) 1995-1999 Xilinx, Inc.  All rights reserved.

Loading device database for application ngdanno from file "matmul.ncd".
   "matmul" is an NCD, version 2.28, device xc4010xl, package pc84, speed -09
Loading device for application ngdanno from file '4010xl.nph' in environment
C:/Fndtn.
Reading .ngm file "map.ngm"...
Building NGA image...
Annotating NGA image...
Distributing delays...
Writing .nga file "matmul.nga"...
   58 logical models annotated

==================================================

ngd2edif -w -v fndtn matmul.nga time_sim.edn
ngd2edif:  version C.22
Copyright (c) 1995-1999 Xilinx, Inc.  All rights reserved.
   writing only delay properties to EDIF file
   dedicated signals will be given global scope
   running NGD DRC ...
   writing  EDIF file to 'time_sim.edn' ...

==================================================

xcpy time_sim.edn c:\fndtn\active\projects\matmul\time_sim.edn

==================================================

bitgen matmul.ncd  -l -w -f bitgen.ut
BITGEN: Xilinx Bitstream Generator C.22
Copyright (c) 1995-1999 Xilinx, Inc.  All rights reserved.

Loading device database for application Bitgen from file "matmul.ncd".
   "matmul" is an NCD, version 2.28, device xc4010xl, package pc84, speed -09
Loading device for application Bitgen from file '4010xl.nph' in environment
C:/Fndtn.
Opened constraints file matmul.pcf.

Thu Dec 21 19:17:52 2000

Running DRC.
DRC detected 0 errors and 0 warnings.
Saving ll file in "matmul.ll".
Creating bit map...
Saving bit stream in "matmul.bit".

==================================================

xcpy matmul.bit c:\fndtn\active\projects\matmul\matmul.bit

==================================================

xcpy matmul.ll c:\fndtn\active\projects\matmul\matmul.ll
