[coded]
$Net00028_=X36_NET00028_X95
$Net00029_=X36_NET00029_X95
$Net00030_=X36_NET00030_X95
$Net00031_=X36_NET00031_X95
$Net00032_=X36_NET00032_X95
$Net00002_=X36_NET00002_X95
$Net00003_=X36_NET00003_X95
$Net00004_=X36_NET00004_X95
$Net00007_=X36_NET00007_X95
$Net00008_=X36_NET00008_X95
$Net00012_=X36_NET00012_X95
$Net00013_=X36_NET00013_X95
$Net00016_=X36_NET00016_X95
$Net00017_=X36_NET00017_X95
$Net00018_=X36_NET00018_X95
$Net00021_=X36_NET00021_X95
$Net00022_=X36_NET00022_X95
$Net00023_=X36_NET00023_X95
$Net00024_=X36_NET00024_X95
$Net00025_=X36_NET00025_X95
$Net00026_=X36_NET00026_X95
$Net00027_=X36_NET00027_X95
$Net00015_=X36_NET00015_X95
$Net00019_=X36_NET00019_X95
$Net00001_=X36_NET00001_X95
$Net00028_assign_IPAD=X36_NET00028_ASSIGN_IPAD
$Net00029_assign_IPAD=X36_NET00029_ASSIGN_IPAD
$Net00030_assign_IPAD=X36_NET00030_ASSIGN_IPAD
$Net00031_assign_OPAD=X36_NET00031_ASSIGN_OPAD
$Net00032_assign_OPAD=X36_NET00032_ASSIGN_OPAD
$Net00002_assign_OPAD=X36_NET00002_ASSIGN_OPAD
$Net00003_assign_OPAD=X36_NET00003_ASSIGN_OPAD
$Net00004_assign_OPAD=X36_NET00004_ASSIGN_OPAD
$I1=X36_I1
$I11=X36_I11
$I10=X36_I10
$I7=X36_I7
$I5=X36_I5
$I6=X36_I6
$I13=X36_I13
$I12=X36_I12
$I14=X36_I14

[generated]
Q11_assign_B11=
Q10_assign_B10=
Q9_assign_B9=
Q8_assign_B8=
Q7_assign_B7=
Q6_assign_B6=
$Net00032_assign_OPAD=
$Net00031_assign_OPAD=
$Net00030_assign_IPAD=
$Net00028_assign_IPAD=
$Net00029_assign_IPAD=
$Net00003_assign_OPAD=
$Net00002_assign_OPAD=
$Net00004_assign_OPAD=
