CONV_ACS, 2.5.5.67, Thu Jan 25 21:16:20 2001

Import EDIF netlist 'C:\FNDTN\ACTIVE\PROJECTS\USERCONF\RAM_INT_STORE.edn'
Symbol 'RAM_INT_STORE', port 'A<0>' has been renamed to 'A0'
Symbol 'RAM_INT_STORE', port 'A<1>' has been renamed to 'A1'
Symbol 'RAM_INT_STORE', port 'A<2>' has been renamed to 'A2'
Symbol 'RAM_INT_STORE', port 'A<3>' has been renamed to 'A3'
Symbol 'RAM_INT_STORE', port 'DO<0>' has been renamed to 'DO0'
Symbol 'RAM_INT_STORE', port 'DO<1>' has been renamed to 'DO1'
Symbol 'RAM_INT_STORE', port 'DO<2>' has been renamed to 'DO2'
Symbol 'RAM_INT_STORE', port 'DO<3>' has been renamed to 'DO3'
Symbol 'RAM_INT_STORE', port 'DO<4>' has been renamed to 'DO4'
Symbol 'RAM_INT_STORE', port 'DO<5>' has been renamed to 'DO5'
Symbol 'RAM_INT_STORE', port 'DO<6>' has been renamed to 'DO6'
Symbol 'RAM_INT_STORE', port 'DO<7>' has been renamed to 'DO7'
Symbol 'RAM_INT_STORE', port 'DI<0>' has been renamed to 'DI0'
Symbol 'RAM_INT_STORE', port 'DI<1>' has been renamed to 'DI1'
Symbol 'RAM_INT_STORE', port 'DI<2>' has been renamed to 'DI2'
Symbol 'RAM_INT_STORE', port 'DI<3>' has been renamed to 'DI3'
Symbol 'RAM_INT_STORE', port 'DI<4>' has been renamed to 'DI4'
Symbol 'RAM_INT_STORE', port 'DI<5>' has been renamed to 'DI5'
Symbol 'RAM_INT_STORE', port 'DI<6>' has been renamed to 'DI6'
Symbol 'RAM_INT_STORE', port 'DI<7>' has been renamed to 'DI7'
Symbol 'RAM_INT_STORE', port 'A<0>' has been renamed to 'A0'
Symbol 'RAM_INT_STORE', port 'A<1>' has been renamed to 'A1'
Symbol 'RAM_INT_STORE', port 'A<2>' has been renamed to 'A2'
Symbol 'RAM_INT_STORE', port 'A<3>' has been renamed to 'A3'
Symbol 'RAM_INT_STORE', port 'DI<0>' has been renamed to 'DI0'
Symbol 'RAM_INT_STORE', port 'DI<1>' has been renamed to 'DI1'
Symbol 'RAM_INT_STORE', port 'DI<2>' has been renamed to 'DI2'
Symbol 'RAM_INT_STORE', port 'DI<3>' has been renamed to 'DI3'
Symbol 'RAM_INT_STORE', port 'DI<4>' has been renamed to 'DI4'
Symbol 'RAM_INT_STORE', port 'DI<5>' has been renamed to 'DI5'
Symbol 'RAM_INT_STORE', port 'DI<6>' has been renamed to 'DI6'
Symbol 'RAM_INT_STORE', port 'DI<7>' has been renamed to 'DI7'
Import EDIF netlist finished successfully
