CONV_ACS, 2.5.5.70, Fri Dec 08 17:28:03 2000

Import EDIF netlist 'C:\FNDTN\ACTIVE\PROJECTS\P_FY_MK3\add4a.edn'
Symbol 'add4a', port 'A<0>' has been renamed to 'A0'
Symbol 'add4a', port 'A<1>' has been renamed to 'A1'
Symbol 'add4a', port 'A<2>' has been renamed to 'A2'
Symbol 'add4a', port 'A<3>' has been renamed to 'A3'
Symbol 'add4a', port 'B<0>' has been renamed to 'B0'
Symbol 'add4a', port 'B<1>' has been renamed to 'B1'
Symbol 'add4a', port 'B<2>' has been renamed to 'B2'
Symbol 'add4a', port 'B<3>' has been renamed to 'B3'
Symbol 'add4a', port 'SUM<0>' has been renamed to 'SUM0'
Symbol 'add4a', port 'SUM<1>' has been renamed to 'SUM1'
Symbol 'add4a', port 'SUM<2>' has been renamed to 'SUM2'
Symbol 'add4a', port 'SUM<3>' has been renamed to 'SUM3'
Symbol 'add4a', port 'B<0>' has been renamed to 'B0'
Symbol 'add4a', port 'B<1>' has been renamed to 'B1'
Symbol 'add4a', port 'B<2>' has been renamed to 'B2'
Symbol 'add4a', port 'B<3>' has been renamed to 'B3'
Symbol 'add4a', port 'A<0>' has been renamed to 'A0'
Symbol 'add4a', port 'A<1>' has been renamed to 'A1'
Symbol 'add4a', port 'A<2>' has been renamed to 'A2'
Symbol 'add4a', port 'A<3>' has been renamed to 'A3'
Import EDIF netlist finished successfully
