EDIF netlist 'c:\FNDTN\ACTIVE\PROJECTS\ROW_COLS\XPROJ\VER1\REV1\TIME_SIM.EDN' loading v.2.99.1.10
EDIF parser completed successfully
Loading - c:\fndtn\active\projects\row_cols\xproj\ver1\rev1\time_sim.edn
Loading - ADD6x16_C10_C0_C1
Loading - ADD6x16_C10_C0_C2
Loading - ADD6x16_C11_C0_C1
Loading - ADD6x16_C11_C0_C2
Loading - ADD6x16_C12_C0_C1
Loading - ADD6x16_C12_C0_C2
Loading - ADD6x16_C12_C2_C2
Loading - ADD6x16_C12_C2_C3
Loading - ADD6x16_C13_C0_C1
Loading - ADD6x16_C13_C0_C2
Loading - ADD6x16_C13_C2_C2
Loading - ADD6x16_C13_C2_C3
Loading - ADD6x16_C14_C0_C1
Loading - ADD6x16_C14_C0_C2
Loading - ADD6x16_C14_C2_C2
Loading - ADD6x16_C14_C2_C3
Loading - ADD6x16_C15_C0_C1
Loading - ADD6x16_C15_C0_C2
Loading - ADD6x16_C15_C2_C2
Loading - ADD6x16_C15_C2_C3
Loading - ADD6x16_C16_C0_C1
Loading - ADD6x16_C16_C0_C2
Loading - ADD6x16_C17_C0_C1
Loading - ADD6x16_C17_C0_C2
Loading - ADD6x16_C18_C0_C1
Loading - ADD6x16_C18_C0_C2
Loading - ADD6x16_C19_C0_C1
Loading - ADD6x16_C19_C0_C2
Loading - ADD6x16_C19_C2_C2
Loading - ADD6x16_C19_C2_C3
Loading - ADD6x16_C20_C0_C1
Loading - ADD6x16_C20_C0_C2
Loading - ADD6x16_C20_C2_C2
Loading - ADD6x16_C20_C2_C3
Loading - ADD6x16_C21_C0_C1
Loading - ADD6x16_C21_C0_C2
Loading - ADD6x16_C21_C2_C2
Loading - ADD6x16_C21_C2_C3
Loading - ADD6x16_C22_C0_C1
Loading - ADD6x16_C22_C0_C2
Loading - ADD6x16_C23_C0_C1
Loading - ADD6x16_C23_C0_C2
Loading - ADD6x16_C24_C0_C1
Loading - ADD6x16_C24_C0_C2
Loading - ADD6x16_C25_C0_C1
Loading - ADD6x16_C25_C0_C2
Loading - ADD6x16_C25_C2_C2
Loading - ADD6x16_C25_C2_C3
Loading - ADD6x16_C26_C0_C1
Loading - ADD6x16_C26_C0_C2
Loading - ADD6x16_C26_C2_C2
Loading - ADD6x16_C26_C2_C3
Loading - ADD6x16_C27_C0_C1
Loading - ADD6x16_C27_C0_C2
Loading - ADD6x16_C27_C2_C2
Loading - ADD6x16_C27_C2_C3
Loading - ADD6x16_C28_C0_C1
Loading - ADD6x16_C28_C0_C2
Loading - ADD6x16_C28_C2_C2
Loading - ADD6x16_C28_C2_C3
Loading - ADD6x16_C29_C0_C1
Loading - ADD6x16_C29_C0_C2
Loading - ADD6x16_C29_C2_C2
Loading - ADD6x16_C29_C2_C3
Loading - ADD6x16_C2_C0_C1
Loading - ADD6x16_C2_C0_C2
Loading - ADD6x16_C2_C2_C2
Loading - ADD6x16_C2_C2_C3
Loading - ADD6x16_C30_C0_C1
Loading - ADD6x16_C30_C0_C2
Loading - ADD6x16_C30_C2_C2
Loading - ADD6x16_C30_C2_C3
Loading - ADD6x16_C31_C0_C1
Loading - ADD6x16_C31_C0_C2
Loading - ADD6x16_C31_C2_C2
Loading - ADD6x16_C31_C2_C3
Loading - ADD6x16_C32_C0_C1
Loading - ADD6x16_C32_C0_C2
Loading - ADD6x16_C32_C2_C2
Loading - ADD6x16_C32_C2_C3
Loading - ADD6x16_C33_C0_C1
Loading - ADD6x16_C33_C0_C2
Loading - ADD6x16_C33_C2_C2
Loading - ADD6x16_C33_C2_C3
Loading - ADD6x16_C34_C0_C1
Loading - ADD6x16_C34_C0_C2
Loading - ADD6x16_C34_C2_C2
Loading - ADD6x16_C34_C2_C3
Loading - ADD6x16_C35_C0_C1
Loading - ADD6x16_C35_C0_C2
Loading - ADD6x16_C35_C2_C2
Loading - ADD6x16_C35_C2_C3
Loading - ADD6x16_C36_C0_C1
Loading - ADD6x16_C36_C0_C2
Loading - ADD6x16_C36_C2_C2
Loading - ADD6x16_C36_C2_C3
Loading - ADD6x16_C37_C0_C1
Loading - ADD6x16_C37_C0_C2
Loading - ADD6x16_C38_C0_C1
Loading - ADD6x16_C38_C0_C2
Loading - ADD6x16_C38_C2_C2
Loading - ADD6x16_C38_C2_C3
Loading - ADD6x16_C39_C0_C1
Loading - ADD6x16_C39_C0_C2
Loading - ADD6x16_C3_C0_C1
Loading - ADD6x16_C3_C0_C2
Loading - ADD6x16_C3_C2_C2
Loading - ADD6x16_C3_C2_C3
Loading - ADD6x16_C40_C0_C1
Loading - ADD6x16_C40_C0_C2
Loading - ADD6x16_C41_C0_C1
Loading - ADD6x16_C41_C0_C2
Loading - ADD6x16_C42_C0_C1
Loading - ADD6x16_C42_C0_C2
Loading - ADD6x16_C42_C2_C2
Loading - ADD6x16_C42_C2_C3
Loading - ADD6x16_C43_C0_C1
Loading - ADD6x16_C43_C0_C2
Loading - ADD6x16_C43_C2_C2
Loading - ADD6x16_C43_C2_C3
Loading - ADD6x16_C44_C0_C1
Loading - ADD6x16_C44_C0_C2
Loading - ADD6x16_C44_C2_C2
Loading - ADD6x16_C44_C2_C3
Loading - ADD6x16_C45_C0_C1
Loading - ADD6x16_C45_C0_C2
Loading - ADD6x16_C46_C0_C1
Loading - ADD6x16_C46_C0_C2
Loading - ADD6x16_C46_C2_C2
Loading - ADD6x16_C46_C2_C3
Loading - ADD6x16_C47_C0_C1
Loading - ADD6x16_C47_C0_C2
Loading - ADD6x16_C47_C2_C2
Loading - ADD6x16_C47_C2_C3
Loading - ADD6x16_C48_C0_C1
Loading - ADD6x16_C48_C0_C2
Loading - ADD6x16_C49_C0_C1
Loading - ADD6x16_C49_C0_C2
Loading - ADD6x16_C49_C2_C2
Loading - ADD6x16_C49_C2_C3
Loading - ADD6x16_C4_C0_C1
Loading - ADD6x16_C4_C0_C2
Loading - ADD6x16_C4_C2_C2
Loading - ADD6x16_C4_C2_C3
Loading - ADD6x16_C5_C0_C1
Loading - ADD6x16_C5_C0_C2
Loading - ADD6x16_C5_C2_C2
Loading - ADD6x16_C5_C2_C3
Loading - ADD6x16_C6_C0_C1
Loading - ADD6x16_C6_C0_C2
Loading - ADD6x16_C6_C2_C2
Loading - ADD6x16_C6_C2_C3
Loading - ADD6x16_C7_C0_C1
Loading - ADD6x16_C7_C0_C2
Loading - ADD6x16_C7_C2_C2
Loading - ADD6x16_C7_C2_C3
Loading - ADD6x16_C8_C0_C1
Loading - ADD6x16_C8_C0_C2
Loading - ADD6x16_C9_C0_C1
Loading - ADD6x16_C9_C0_C2
Loading - ADD6x16_N1007
Loading - ADD6x16_N1037
Loading - ADD6x16_N1067
Loading - ADD6x16_N1097
Loading - ADD6x16_N1162
Loading - ADD6x16_N117
Loading - ADD6x16_N1297
Loading - ADD6x16_N1327
Loading - ADD6x16_N1357
Loading - ADD6x16_N1422
Loading - ADD6x16_N1452
Loading - ADD6x16_N147
Loading - ADD6x16_N1517
Loading - ADD6x16_N177
Loading - ADD6x16_N27
Loading - ADD6x16_N347
Loading - ADD6x16_N377
Loading - ADD6x16_N407
Loading - ADD6x16_N437
Loading - ADD6x16_N57
Loading - ADD6x16_N572
Loading - ADD6x16_N602
Loading - ADD6x16_N632
Loading - ADD6x16_N767
Loading - ADD6x16_N797
Loading - ADD6x16_N827
Loading - ADD6x16_N857
Loading - ADD6x16_N87
Loading - ADD6x16_N887
Loading - ADD6x16_N917
Loading - ADD6x16_N947
Loading - ADD6x16_N977
Loading - ANSWER_STORAGE_ANSWER_reg_0_
Loading - ANSWER_STORAGE_ANSWER_reg_10_
Loading - ANSWER_STORAGE_ANSWER_reg_11_
Loading - ANSWER_STORAGE_ANSWER_reg_12_
Loading - ANSWER_STORAGE_ANSWER_reg_13_
Loading - ANSWER_STORAGE_ANSWER_reg_14_
Loading - ANSWER_STORAGE_ANSWER_reg_15_
Loading - ANSWER_STORAGE_ANSWER_reg_16_
Loading - ANSWER_STORAGE_ANSWER_reg_17_
Loading - ANSWER_STORAGE_ANSWER_reg_18_
Loading - ANSWER_STORAGE_ANSWER_reg_19_
Loading - ANSWER_STORAGE_ANSWER_reg_1_
Loading - ANSWER_STORAGE_ANSWER_reg_20_
Loading - ANSWER_STORAGE_ANSWER_reg_21_
Loading - ANSWER_STORAGE_ANSWER_reg_22_
Loading - ANSWER_STORAGE_ANSWER_reg_23_
Loading - ANSWER_STORAGE_ANSWER_reg_24_
Loading - ANSWER_STORAGE_ANSWER_reg_25_
Loading - ANSWER_STORAGE_ANSWER_reg_26_
Loading - ANSWER_STORAGE_ANSWER_reg_27_
Loading - ANSWER_STORAGE_ANSWER_reg_28_
Loading - ANSWER_STORAGE_ANSWER_reg_29_
Loading - ANSWER_STORAGE_ANSWER_reg_2_
Loading - ANSWER_STORAGE_ANSWER_reg_30_
Loading - ANSWER_STORAGE_ANSWER_reg_31_
Loading - ANSWER_STORAGE_ANSWER_reg_32_
Loading - ANSWER_STORAGE_ANSWER_reg_33_
Loading - ANSWER_STORAGE_ANSWER_reg_34_
Loading - ANSWER_STORAGE_ANSWER_reg_35_
Loading - ANSWER_STORAGE_ANSWER_reg_36_
Loading - ANSWER_STORAGE_ANSWER_reg_37_
Loading - ANSWER_STORAGE_ANSWER_reg_38_
Loading - ANSWER_STORAGE_ANSWER_reg_39_
Loading - ANSWER_STORAGE_ANSWER_reg_3_
Loading - ANSWER_STORAGE_ANSWER_reg_40_
Loading - ANSWER_STORAGE_ANSWER_reg_41_
Loading - ANSWER_STORAGE_ANSWER_reg_42_
Loading - ANSWER_STORAGE_ANSWER_reg_43_
Loading - ANSWER_STORAGE_ANSWER_reg_44_
Loading - ANSWER_STORAGE_ANSWER_reg_45_
Loading - ANSWER_STORAGE_ANSWER_reg_46_
Loading - ANSWER_STORAGE_ANSWER_reg_47_
Loading - ANSWER_STORAGE_ANSWER_reg_48_
Loading - ANSWER_STORAGE_ANSWER_reg_49_
Loading - ANSWER_STORAGE_ANSWER_reg_4_
Loading - ANSWER_STORAGE_ANSWER_reg_50_
Loading - ANSWER_STORAGE_ANSWER_reg_51_
Loading - ANSWER_STORAGE_ANSWER_reg_52_
Loading - ANSWER_STORAGE_ANSWER_reg_53_
Loading - ANSWER_STORAGE_ANSWER_reg_54_
Loading - ANSWER_STORAGE_ANSWER_reg_55_
Loading - ANSWER_STORAGE_ANSWER_reg_56_
Loading - ANSWER_STORAGE_ANSWER_reg_57_
Loading - ANSWER_STORAGE_ANSWER_reg_58_
Loading - ANSWER_STORAGE_ANSWER_reg_59_
Loading - ANSWER_STORAGE_ANSWER_reg_5_
Loading - ANSWER_STORAGE_ANSWER_reg_60_
Loading - ANSWER_STORAGE_ANSWER_reg_61_
Loading - ANSWER_STORAGE_ANSWER_reg_62_
Loading - ANSWER_STORAGE_ANSWER_reg_63_
Loading - ANSWER_STORAGE_ANSWER_reg_64_
Loading - ANSWER_STORAGE_ANSWER_reg_65_
Loading - ANSWER_STORAGE_ANSWER_reg_66_
Loading - ANSWER_STORAGE_ANSWER_reg_67_
Loading - ANSWER_STORAGE_ANSWER_reg_68_
Loading - ANSWER_STORAGE_ANSWER_reg_69_
Loading - ANSWER_STORAGE_ANSWER_reg_6_
Loading - ANSWER_STORAGE_ANSWER_reg_70_
Loading - ANSWER_STORAGE_ANSWER_reg_71_
Loading - ANSWER_STORAGE_ANSWER_reg_72_
Loading - ANSWER_STORAGE_ANSWER_reg_73_
Loading - ANSWER_STORAGE_ANSWER_reg_74_
Loading - ANSWER_STORAGE_ANSWER_reg_75_
Loading - ANSWER_STORAGE_ANSWER_reg_76_
Loading - ANSWER_STORAGE_ANSWER_reg_77_
Loading - ANSWER_STORAGE_ANSWER_reg_78_
Loading - ANSWER_STORAGE_ANSWER_reg_79_
Loading - ANSWER_STORAGE_ANSWER_reg_7_
Loading - ANSWER_STORAGE_ANSWER_reg_80_
Loading - ANSWER_STORAGE_ANSWER_reg_81_
Loading - ANSWER_STORAGE_ANSWER_reg_82_
Loading - ANSWER_STORAGE_ANSWER_reg_83_
Loading - ANSWER_STORAGE_ANSWER_reg_84_
Loading - ANSWER_STORAGE_ANSWER_reg_85_
Loading - ANSWER_STORAGE_ANSWER_reg_86_
Loading - ANSWER_STORAGE_ANSWER_reg_87_
Loading - ANSWER_STORAGE_ANSWER_reg_88_
Loading - ANSWER_STORAGE_ANSWER_reg_89_
Loading - ANSWER_STORAGE_ANSWER_reg_8_
Loading - ANSWER_STORAGE_ANSWER_reg_90_
Loading - ANSWER_STORAGE_ANSWER_reg_91_
Loading - ANSWER_STORAGE_ANSWER_reg_92_
Loading - ANSWER_STORAGE_ANSWER_reg_93_
Loading - ANSWER_STORAGE_ANSWER_reg_94_
Loading - ANSWER_STORAGE_ANSWER_reg_95_
Loading - ANSWER_STORAGE_ANSWER_reg_9_
Loading - ANSWER_STORAGE_GLOBAL
Loading - C1752
Loading - C1753
Loading - C1754
Loading - C1755
Loading - C1756
Loading - C1757
Loading - C1758
Loading - C1759
Loading - C1760
Loading - C1761
Loading - C1762
Loading - C1763
Loading - C1764
Loading - C1765
Loading - C1766
Loading - C1767
Loading - C1768
Loading - C1769
Loading - C1770
Loading - C1771
Loading - C1772
Loading - C1773
Loading - C1774
Loading - C1775
Loading - C1776
Loading - C1777
Loading - C1778
Loading - C1779
Loading - C1780
Loading - C1781
Loading - C1782
Loading - C1783
Loading - SUMOFPROD_13_
Loading - SUMOFPROD_15_
Loading - SUMOFPROD_19_
Loading - SUMOFPROD_1_
Loading - SUMOFPROD_21_
Loading - SUMOFPROD_25_
Loading - SUMOFPROD_27_
Loading - SUMOFPROD_31_
Loading - SUMOFPROD_33_
Loading - SUMOFPROD_37_
Loading - SUMOFPROD_39_
Loading - SUMOFPROD_3_
Loading - SUMOFPROD_43_
Loading - SUMOFPROD_45_
Loading - SUMOFPROD_49_
Loading - SUMOFPROD_51_
Loading - SUMOFPROD_55_
Loading - SUMOFPROD_57_
Loading - SUMOFPROD_61_
Loading - SUMOFPROD_63_
Loading - SUMOFPROD_67_
Loading - SUMOFPROD_69_
Loading - SUMOFPROD_73_
Loading - SUMOFPROD_75_
Loading - SUMOFPROD_79_
Loading - SUMOFPROD_7_
Loading - SUMOFPROD_81_
Loading - SUMOFPROD_85_
Loading - SUMOFPROD_87_
Loading - SUMOFPROD_91_
Loading - SUMOFPROD_93_
Loading - SUMOFPROD_9_
===============================
EDIF Netlist Loading Statistics
===============================
Number of hierarchical blocks: 354
Total number of cell types: 368
Total number of cell instances: 8301
Total number of EDIF blocks: 353
Total number of models taken from libraries: 7
Total number of automatic/internal models: 7
Total number of missing models: 0
Total number of signals (block ports and labels): 12101
Total number of labels: 7577
Total number of nets: 11008
Total number of net elements: 34998
Total number of generic values: 2886
Total number of port generic values: 3250
Memory usage statistics:
    Total number of allocated memory blocks: 117304 (12454)
    Total number of memory reallocations: 1
    Total length of memory used to load the netlist: 9335 kB (265)
    Total length of memory used by EDIF parser: 4864 kB
    Number of system memory blocks (total/long): 30/2
Netlist loaded in: 4 seconds
Parsing time: 1 seconds
===============================
