
              I  I QQQQCC
              H  L 3210LL
                   3333KR
             ------------------------
TIME          H  H       

       .0ns   9  9 000000
     25.0ns   9  9 001110
     50.0ns   9  9 001100
     75.0ns   9  9 001110
    100.0ns   9  9 001100
    125.0ns   9  9 001010
    150.0ns   9  9 001000
    175.0ns   9  9 001010
    200.0ns   9  9 001000
    225.0ns   9  9 001010
    250.0ns   9  9 001000
    275.0ns   9  9 001010
    300.0ns   9  9 001000
    325.0ns   9  9 001010
    350.0ns   9  9 001000
    375.0ns   9  9 001010
    400.0ns   9  9 001000
    425.0ns   9  9 011010
    450.0ns   9  9 011000
    475.0ns   9  9 011010
    500.0ns   9  9 011000
    525.0ns   9  9 001110
    550.0ns   9  9 001100
    575.0ns   9  9 001110
    600.0ns   9  9 001100
    625.0ns   9  9 001010
    650.0ns   9  9 001000
    675.0ns   9  9 001010
    700.0ns   9  9 001000
    725.0ns   9  9 001010
    750.0ns   9  9 001000
    775.0ns   9  9 001010
    800.0ns   9  9 001000
    825.0ns   9  9 001010
    850.0ns   9  9 001000
    875.0ns   9  9 001010
    900.0ns   9  9 001000
    925.0ns   9  9 011010
    950.0ns   9  9 011000
    975.0ns   9  9 011010
   1000.0ns   9  9 011000
   1025.0ns   9  9 000110
   1050.0ns   9  9 000100
   1075.0ns   9  9 000110
   1100.0ns   9  9 000100
   1125.0ns   9  9 000010
   1150.0ns   9  9 000000
   1175.0ns   9  9 000010
   1200.0ns   9  9 000000
   1225.0ns   9  9 000010
   1250.0ns   9  9 000000
   1275.0ns   9  9 000010
   1300.0ns   9  9 000000
   1325.0ns   9  9 000010
   1350.0ns   9  9 000000
   1375.0ns   9  9 000010
   1400.0ns   9  9 000000
   1425.0ns   9  9 010010
   1450.0ns   9  9 010000
   1475.0ns   9  9 010010
   1500.0ns   9  9 010000
   1525.0ns   9  9 000110
   1550.0ns   9  9 000100
   1575.0ns   9  9 000110
   1600.0ns   9  9 000100
   1625.0ns   9  9 000010
   1650.0ns   9  9 000000
   1675.0ns   9  9 000010
   1700.0ns   9  9 000000
   1725.0ns   9  9 000010
   1750.0ns   9  9 000000
   1775.0ns   9  9 000010
   1800.0ns   9  9 000000
   1825.0ns   9  9 000010
   1850.0ns   9  9 000000
   1875.0ns   9  9 000010
   1900.0ns   9  9 000000
   1925.0ns   9  9 010010
   1950.0ns   9  9 010000
   1975.0ns   9  9 010010
   2000.0ns   9  9 010000
   2025.0ns   9  9 000110
   2050.0ns   9  9 000100
   2075.0ns   9  9 000110
   2100.0ns   9  9 000100
   2125.0ns   9  9 000010
   2150.0ns   9  9 000000
   2175.0ns   9  9 000010
   2200.0ns   9  9 000000
   2225.0ns   9  9 000010
   2250.0ns   9  9 000000
   2275.0ns   9  9 000010
   2300.0ns   9  9 000000
   2325.0ns   9  9 000010
   2350.0ns   9  9 000000
   2375.0ns   9  9 000010
   2400.0ns   9  9 000000
   2425.0ns   9  9 010010
   2450.0ns   9  9 010000
   2475.0ns   9  9 010010
   2500.0ns   9  9 010000
   2525.0ns   9  9 000110
   2550.0ns   9  9 000100
   2575.0ns   9  9 000110
   2600.0ns   9  9 000100
   2625.0ns   9  9 000010
   2650.0ns   9  9 000000
   2675.0ns   9  9 000010
   2700.0ns   9  9 000000
   2725.0ns   9  9 000010
   2750.0ns   9  9 000000
   2775.0ns   9  9 000010
   2800.0ns   9  9 000000
   2825.0ns   9  9 000010
   2850.0ns   9  9 000000
   2875.0ns   9  9 000010
   2900.0ns   9  9 000000
   2925.0ns   9  9 010010
   2950.0ns   9  9 010000
   2975.0ns   9  9 010010
   3000.0ns   9  9 010000
   3025.0ns   9  9 000110
   3050.0ns   9  9 000100
   3075.0ns   9  9 000110
   3100.0ns   9  9 000100
   3125.0ns   9  9 000010
   3150.0ns   9  9 000000
   3175.0ns   9  9 000010
   3200.0ns   9  9 000000
   3225.0ns   9  9 000010
   3250.0ns   9  9 000000
   3275.0ns   9  9 000010
   3300.0ns   9  9 000000
   3325.0ns   9  9 000010
   3350.0ns   9  9 000000
   3375.0ns   9  9 000010
   3400.0ns   9  9 000000
   3425.0ns   9  9 010010
   3450.0ns   9  9 010000
   3475.0ns   9  9 010010
   3500.0ns   9  9 010000
   3525.0ns   9  9 000110
   3550.0ns   9  9 000100
   3575.0ns   9  9 000110
   3600.0ns   9  9 000100
   3625.0ns   9  9 000010
   3650.0ns   9  9 000000
   3675.0ns   9  9 000010
   3700.0ns   9  9 000000
   3725.0ns   9  9 000010
   3750.0ns   9  9 000000
   3775.0ns   9  9 000010
   3800.0ns   9  9 000000
   3825.0ns   9  9 000010
   3850.0ns   9  9 000000
   3875.0ns   9  9 000010
   3900.0ns   9  9 000000
   3925.0ns   9  9 010010
   3950.0ns   9  9 010000
   3975.0ns   9  9 010010
   4000.0ns   9  9 010000
   4025.0ns   9  9 100110
   4050.0ns   9  9 100100
   4075.0ns   9  9 100110
   4100.0ns   9  9 100100
   4125.0ns   9  9 100010
   4150.0ns   9  9 100000
   4175.0ns   9  9 100010
   4200.0ns   9  9 100000
   4225.0ns   9  9 100010
   4250.0ns   9  9 100000
   4275.0ns   9  9 100010
   4300.0ns   9  9 100000
   4325.0ns   9  9 100010
   4350.0ns   9  9 100000
   4375.0ns   9  9 100010
   4400.0ns   9  9 100000
   4425.0ns   9  9 110010
   4450.0ns   9  9 110000
   4475.0ns   9  9 110010
   4500.0ns   9  9 110000
   4525.0ns   9  9 100110
   4550.0ns   9  9 100100
   4575.0ns   9  9 100110
   4600.0ns   9  9 100100
   4625.0ns   9  9 100010
   4650.0ns   9  9 100000
   4675.0ns   9  9 100010
   4700.0ns   9  9 100000
   4725.0ns   9  9 100010
   4750.0ns   9  9 100000
   4775.0ns   9  9 100010
   4800.0ns   9  9 100000
   4825.0ns   9  9 100010
   4850.0ns   9  9 100000
   4875.0ns   9  9 100010
   4900.0ns   9  9 100000
   4925.0ns   9  9 110010
   4950.0ns   9  9 110000
   4975.0ns   9  9 110010
   5000.0ns   9  9 110000
   5025.0ns   9  9 111110
   5050.0ns   9  9 111100
   5075.0ns   9  9 001110
   5100.0ns   9  9 001100
   5125.0ns   9  9 001010
   5150.0ns   9  9 001000
   5175.0ns   9  9 001010
   5200.0ns   9  9 001000
   5225.0ns   9  9 001010
   5250.0ns   9  9 001000
   5275.0ns   9  9 001010
   5300.0ns   9  9 001001
   5325.0ns   9  9 000011
   5350.0ns   9  9 000001
   5375.0ns   9  9 000011
   5400.0ns   9  9 000000
   5425.0ns   9  9 001110
   5450.0ns   9  9 001100
   5475.0ns   9  9 001110
   5500.0ns   9  9 001100
   5525.0ns   9  9 001010
   5550.0ns   9  9 001000
   5575.0ns   9  9 001010
   5600.0ns   9  9 001000
   5625.0ns   9  9 001010
   5650.0ns   9  9 001000
   5675.0ns   9  9 001010
   5700.0ns   9  9 001000
   5725.0ns   9  9 001010
   5750.0ns   9  9 001000
   5775.0ns   9  9 001010
   5800.0ns   9  9 001000
   5825.0ns   9  9 011010
   5850.0ns   9  9 011000
   5875.0ns   9  9 011010
   5900.0ns   9  9 011000
   5925.0ns   9  9 001110
   5950.0ns   9  9 001100
   5975.0ns   9  9 001110
