
             QQQQ I  I CC
             3210 H  L LL
             3333      KR
             ------------------------
TIME              H  H   

       .0ns  0000 9  9 00
     25.0ns  0000 9  9 10
     50.0ns  0011 9  9 00
     75.0ns  0011 9  9 10
    100.0ns  0011 9  9 00
    125.0ns  0011 9  9 10
    150.0ns  0010 9  9 00
    175.0ns  0010 9  9 10
    200.0ns  0010 9  9 00
    225.0ns  0010 9  9 10
    250.0ns  0010 9  9 00
    275.0ns  0010 9  9 10
    300.0ns  0010 9  9 00
    325.0ns  0010 9  9 10
    350.0ns  0010 9  9 00
    375.0ns  0010 9  9 10
    400.0ns  0010 9  9 00
    425.0ns  0010 9  9 10
    450.0ns  0110 9  9 00
    475.0ns  0110 9  9 10
    500.0ns  0110 9  9 00
    525.0ns  0110 9  9 10
    550.0ns  0011 9  9 00
    575.0ns  0011 9  9 10
    600.0ns  0011 9  9 00
    625.0ns  0011 9  9 10
    650.0ns  0010 9  9 00
    675.0ns  0010 9  9 10
    700.0ns  0010 9  9 00
    725.0ns  0010 9  9 10
    750.0ns  0010 9  9 00
    775.0ns  0010 9  9 10
    800.0ns  0010 9  9 00
    825.0ns  0010 9  9 10
    850.0ns  0010 9  9 00
    875.0ns  0010 9  9 10
    900.0ns  0010 9  9 00
    925.0ns  0010 9  9 10
    950.0ns  0110 9  9 00
    975.0ns  0110 9  9 10
   1000.0ns  0110 9  9 00
   1025.0ns  0110 9  9 10
   1050.0ns  0001 9  9 00
   1075.0ns  0001 9  9 10
   1100.0ns  0001 9  9 00
   1125.0ns  0001 9  9 10
   1150.0ns  0000 9  9 00
   1175.0ns  0000 9  9 10
   1200.0ns  0000 9  9 00
   1225.0ns  0000 9  9 10
   1250.0ns  0000 9  9 00
   1275.0ns  0000 9  9 10
   1300.0ns  0000 9  9 00
   1325.0ns  0000 9  9 10
   1350.0ns  0000 9  9 00
   1375.0ns  0000 9  9 10
   1400.0ns  0000 9  9 00
   1425.0ns  0000 9  9 10
   1450.0ns  0100 9  9 00
   1475.0ns  0100 9  9 10
   1500.0ns  0100 9  9 00
   1525.0ns  0100 9  9 10
   1550.0ns  0001 9  9 00
   1575.0ns  0001 9  9 10
   1600.0ns  0001 9  9 00
   1625.0ns  0001 9  9 10
   1650.0ns  0000 9  9 00
   1675.0ns  0000 9  9 10
   1700.0ns  0000 9  9 00
   1725.0ns  0000 9  9 10
   1750.0ns  0000 9  9 00
   1775.0ns  0000 9  9 10
   1800.0ns  0000 9  9 00
   1825.0ns  0000 9  9 10
   1850.0ns  0000 9  9 00
   1875.0ns  0000 9  9 10
   1900.0ns  0000 9  9 00
   1925.0ns  0000 9  9 10
   1950.0ns  0100 9  9 00
   1975.0ns  0100 9  9 10
   2000.0ns  0100 9  9 00
   2025.0ns  0100 9  9 10
   2050.0ns  0001 9  9 00
   2075.0ns  0001 9  9 10
   2100.0ns  0001 9  9 00
   2125.0ns  0001 9  9 10
   2150.0ns  0000 9  9 00
   2175.0ns  0000 9  9 10
   2200.0ns  0000 9  9 00
   2225.0ns  0000 9  9 10
   2250.0ns  0000 9  9 00
   2275.0ns  0000 9  9 10
   2300.0ns  0000 9  9 00
   2325.0ns  0000 9  9 10
   2350.0ns  0000 9  9 00
   2375.0ns  0000 9  9 10
   2400.0ns  0000 9  9 00
   2425.0ns  0000 9  9 10
   2450.0ns  0100 9  9 00
   2475.0ns  0100 9  9 10
   2500.0ns  0100 9  9 00
   2525.0ns  0100 9  9 10
   2550.0ns  0001 9  9 00
   2575.0ns  0001 9  9 10
   2600.0ns  0001 9  9 00
   2625.0ns  0001 9  9 10
   2650.0ns  0000 9  9 00
   2675.0ns  0000 9  9 10
   2700.0ns  0000 9  9 00
   2725.0ns  0000 9  9 10
   2750.0ns  0000 9  9 00
   2775.0ns  0000 9  9 10
   2800.0ns  0000 9  9 00
   2825.0ns  0000 9  9 10
   2850.0ns  0000 9  9 00
   2875.0ns  0000 9  9 10
   2900.0ns  0000 9  9 00
   2925.0ns  0000 9  9 10
   2950.0ns  0100 9  9 00
   2975.0ns  0100 9  9 10
   3000.0ns  0100 9  9 00
   3025.0ns  0100 9  9 10
   3050.0ns  0001 9  9 00
   3075.0ns  0001 9  9 10
   3100.0ns  0001 9  9 00
   3125.0ns  0001 9  9 10
   3150.0ns  0000 9  9 00
   3175.0ns  0000 9  9 10
   3200.0ns  0000 9  9 00
   3225.0ns  0000 9  9 10
   3250.0ns  0000 9  9 00
   3275.0ns  0000 9  9 10
   3300.0ns  0000 9  9 00
   3325.0ns  0000 9  9 10
   3350.0ns  0000 9  9 00
   3375.0ns  0000 9  9 10
   3400.0ns  0000 9  9 00
   3425.0ns  0000 9  9 10
   3450.0ns  0100 9  9 00
   3475.0ns  0100 9  9 10
   3500.0ns  0100 9  9 00
   3525.0ns  0100 9  9 10
   3550.0ns  0001 9  9 00
   3575.0ns  0001 9  9 10
   3600.0ns  0001 9  9 00
   3625.0ns  0001 9  9 10
   3650.0ns  0000 9  9 00
   3675.0ns  0000 9  9 10
   3700.0ns  0000 9  9 00
   3725.0ns  0000 9  9 10
   3750.0ns  0000 9  9 00
   3775.0ns  0000 9  9 10
   3800.0ns  0000 9  9 00
   3825.0ns  0000 9  9 10
   3850.0ns  0000 9  9 00
   3875.0ns  0000 9  9 10
   3900.0ns  0000 9  9 00
   3925.0ns  0000 9  9 10
   3950.0ns  0100 9  9 00
   3975.0ns  0100 9  9 10
   4000.0ns  0100 9  9 00
   4025.0ns  0100 9  9 10
   4050.0ns  1001 9  9 00
   4075.0ns  1001 9  9 10
   4100.0ns  1001 9  9 00
   4125.0ns  1001 9  9 10
   4150.0ns  1000 9  9 00
   4175.0ns  1000 9  9 10
   4200.0ns  1000 9  9 00
   4225.0ns  1000 9  9 10
   4250.0ns  1000 9  9 00
   4275.0ns  1000 9  9 10
   4300.0ns  1000 9  9 00
   4325.0ns  1000 9  9 10
   4350.0ns  1000 9  9 00
   4375.0ns  1000 9  9 10
   4400.0ns  1000 9  9 00
   4425.0ns  1000 9  9 10
   4450.0ns  1100 9  9 00
   4475.0ns  1100 9  9 10
   4500.0ns  1100 9  9 00
   4525.0ns  1100 9  9 10
   4550.0ns  1001 9  9 00
   4575.0ns  1001 9  9 10
   4600.0ns  1001 9  9 00
   4625.0ns  1001 9  9 10
   4650.0ns  1000 9  9 00
   4675.0ns  1000 9  9 10
   4700.0ns  1000 9  9 00
   4725.0ns  1000 9  9 10
   4750.0ns  1000 9  9 00
   4775.0ns  1000 9  9 10
   4800.0ns  1000 9  9 00
   4825.0ns  1000 9  9 10
   4850.0ns  1000 9  9 00
   4875.0ns  1000 9  9 10
   4900.0ns  1000 9  9 00
   4925.0ns  1000 9  9 10
   4950.0ns  1100 9  9 00
   4975.0ns  1100 9  9 10
   5000.0ns  1100 9  9 00
   5025.0ns  1100 9  9 10
   5050.0ns  1111 9  9 00
   5075.0ns  1111 9  9 10
   5100.0ns  0011 9  9 00
   5125.0ns  0011 9  9 10
   5150.0ns  0010 9  9 00
   5175.0ns  0010 9  9 10
   5200.0ns  0010 9  9 00
   5225.0ns  0010 9  9 10
   5250.0ns  0010 9  9 00
   5275.0ns  0010 9  9 10
   5300.0ns  0010 9  9 01
   5325.0ns  0010 9  9 11
   5350.0ns  0000 9  9 01
   5375.0ns  0000 9  9 11
   5400.0ns  0000 9  9 00
   5425.0ns  0000 9  9 10
   5450.0ns  0011 9  9 00
   5475.0ns  0011 9  9 10
   5500.0ns  0011 9  9 00
   5525.0ns  0011 9  9 10
   5550.0ns  0010 9  9 00
   5575.0ns  0010 9  9 10
   5600.0ns  0010 9  9 00
   5625.0ns  0010 9  9 10
   5650.0ns  0010 9  9 00
   5675.0ns  0010 9  9 10
   5700.0ns  0010 9  9 00
   5725.0ns  0010 9  9 10
   5750.0ns  0010 9  9 00
   5775.0ns  0010 9  9 10
   5800.0ns  0010 9  9 00
   5825.0ns  0010 9  9 10
   5850.0ns  0110 9  9 00
   5875.0ns  0110 9  9 10
   5900.0ns  0110 9  9 00
   5925.0ns  0110 9  9 10
   5950.0ns  0011 9  9 00
   5975.0ns  0011 9  9 10
