EDIF netlist 'c:\FNDTN\ACTIVE\PROJECTS\CONFIG_1\CONFIG_1.EDF' loading v.2.99.1.10
EDIF parser completed successfully
Loading - c:\fndtn\active\projects\config_1\config_1.edf
Loading - LDC_1
===============================
EDIF Netlist Loading Statistics
===============================
Number of hierarchical blocks: 21
Total number of cell types: 14
Total number of cell instances: 108
Total number of EDIF blocks: 1
Total number of models taken from libraries: 10
Total number of automatic/internal models: 2
Total number of missing models: 0
Total number of signals (block ports and labels): 163
Total number of labels: 61
Total number of nets: 163
Total number of net elements: 485
Total number of generic values: 0
Total number of port generic values: 0
Memory usage statistics:
    Total number of allocated memory blocks: 1089 (70)
    Total number of memory reallocations: 3
    Total length of memory used to load the netlist: 513 kB (1)
    Total length of memory used by EDIF parser: 256 kB
    Number of system memory blocks (total/long): 1/0
Netlist loaded in: 1 seconds
Parsing time: 1 seconds
===============================
