EDIF netlist 'c:\FNDTN\ACTIVE\PROJECTS\CONFIG_2\CONFIG_2.EDF' loading v.2.99.1.10
EDIF parser completed successfully
Loading - c:\fndtn\active\projects\config_2\config_2.edf
===============================
EDIF Netlist Loading Statistics
===============================
Number of hierarchical blocks: 1
Total number of cell types: 10
Total number of cell instances: 35
Total number of EDIF blocks: 0
Total number of models taken from libraries: 8
Total number of automatic/internal models: 1
Total number of missing models: 0
Total number of signals (block ports and labels): 33
Total number of labels: 11
Total number of nets: 33
Total number of net elements: 151
Total number of generic values: 0
Total number of port generic values: 0
Memory usage statistics:
    Total number of allocated memory blocks: 554 (34)
    Total number of memory reallocations: 3
    Total length of memory used to load the netlist: 512 kB (0)
    Total length of memory used by EDIF parser: 256 kB
    Number of system memory blocks (total/long): 1/0
Netlist loaded in: 0 seconds
Parsing time: 0 seconds
===============================
