Xilinx Floorplanner Netlist Translation Utility
n2f Version 2.1i
 
0:00.00
n2f options:
 -n C:\Fndtn\Active\Projects\CONS_INT\xproj\ver1\rev1\cons_int.ngd
 -g C:\Fndtn\Active\Projects\CONS_INT\xproj\ver1\rev1\cons_int.fnf
 -o _fplan.fnf
 -log n2f.log
 
0:01.00
N2F: building fpdesign
0:01.00
N2F: loading ngd file: C:\Fndtn\Active\Projects\CONS_INT\xproj\ver1\rev1\cons_int.ngd
0:01.00
N2F: applying ngd to fpdesign
0:01.00
done applying ngd prims...
0:01.00
N2F: loading guide fnf file: C:\Fndtn\Active\Projects\CONS_INT\xproj\ver1\rev1\cons_int.fnf
0:01.00
N2F: applying guide fnf file: C:\Fndtn\Active\Projects\CONS_INT\xproj\ver1\rev1\cons_int.fnf
0:01.00
N2F: writing fnf file: _fplan.fnf
