EDIF netlist 'c:\FNDTN\ACTIVE\PROJECTS\FINAL_YR\FINAL_YR.EDF' loading v.2.99.1.10
EDIF parser completed successfully
Loading - c:\fndtn\active\projects\final_yr\final_yr.edf
===============================
EDIF Netlist Loading Statistics
===============================
Number of hierarchical blocks: 1
Total number of cell types: 9
Total number of cell instances: 9
Total number of EDIF blocks: 0
Total number of models taken from libraries: 7
Total number of automatic/internal models: 1
Total number of missing models: 0
Total number of signals (block ports and labels): 11
Total number of labels: 6
Total number of nets: 11
Total number of net elements: 33
Total number of generic values: 0
Total number of port generic values: 0
Memory usage statistics:
    Total number of allocated memory blocks: 173 (12)
    Total number of memory reallocations: 3
    Total length of memory used to load the netlist: 512 kB (0)
    Total length of memory used by EDIF parser: 256 kB
    Number of system memory blocks (total/long): 1/0
Netlist loaded in: 2 seconds
Parsing time: 1 seconds
===============================
