EDIF netlist 'c:\FNDTN\ACTIVE\PROJECTS\SYSTEM_X\XPROJ\VER1\REV1\TIME_SIM.EDN' loading v.2.99.1.10
EDIF parser completed successfully
Loading - c:\fndtn\active\projects\system_x\xproj\ver1\rev1\time_sim.edn
Loading - DATA_MEM_reg_0__0_
Info 9239: The following node is loadless:
   NODE: CLR.
Loading - DATA_MEM_reg_0__1_
Info 9239: The following node is loadless:
   NODE: CLR.
Loading - DATA_MEM_reg_10__0_
Info 9239: The following node is loadless:
   NODE: CLR.
Loading - DATA_MEM_reg_10__1_
Info 9239: The following node is loadless:
   NODE: CLR.
Loading - DATA_MEM_reg_11__0_
Info 9239: The following node is loadless:
   NODE: CLR.
Loading - DATA_MEM_reg_11__1_
Info 9239: The following node is loadless:
   NODE: CLR.
Loading - DATA_MEM_reg_12__0_
Info 9239: The following node is loadless:
   NODE: CLR.
Loading - DATA_MEM_reg_12__1_
Info 9239: The following node is loadless:
   NODE: CLR.
Loading - DATA_MEM_reg_13__0_
Info 9239: The following node is loadless:
   NODE: CLR.
Loading - DATA_MEM_reg_13__1_
Info 9239: The following node is loadless:
   NODE: CLR.
Loading - DATA_MEM_reg_14__0_
Info 9239: The following node is loadless:
   NODE: CLR.
Loading - DATA_MEM_reg_14__1_
Info 9239: The following node is loadless:
   NODE: CLR.
Loading - DATA_MEM_reg_15__0_
Info 9239: The following node is loadless:
   NODE: CLR.
Loading - DATA_MEM_reg_15__1_
Info 9239: The following node is loadless:
   NODE: CLR.
Loading - DATA_MEM_reg_16__0_
Info 9239: The following node is loadless:
   NODE: CLR.
Loading - DATA_MEM_reg_16__1_
Info 9239: The following node is loadless:
   NODE: CLR.
Loading - DATA_MEM_reg_17__0_
Info 9239: The following node is loadless:
   NODE: CLR.
Loading - DATA_MEM_reg_17__1_
Info 9239: The following node is loadless:
   NODE: CLR.
Loading - DATA_MEM_reg_18__0_
Info 9239: The following node is loadless:
   NODE: CLR.
Loading - DATA_MEM_reg_18__1_
Info 9239: The following node is loadless:
   NODE: CLR.
Loading - DATA_MEM_reg_19__0_
Info 9239: The following node is loadless:
   NODE: CLR.
Loading - DATA_MEM_reg_19__1_
Info 9239: The following node is loadless:
   NODE: CLR.
Loading - DATA_MEM_reg_1__0_
Info 9239: The following node is loadless:
   NODE: CLR.
Loading - DATA_MEM_reg_1__1_
Info 9239: The following node is loadless:
   NODE: CLR.
Loading - DATA_MEM_reg_20__0_
Info 9239: The following node is loadless:
   NODE: CLR.
Loading - DATA_MEM_reg_20__1_
Info 9239: The following node is loadless:
   NODE: CLR.
Loading - DATA_MEM_reg_21__0_
Info 9239: The following node is loadless:
   NODE: CLR.
Loading - DATA_MEM_reg_21__1_
Info 9239: The following node is loadless:
   NODE: CLR.
Loading - DATA_MEM_reg_22__0_
Info 9239: The following node is loadless:
   NODE: CLR.
Loading - DATA_MEM_reg_22__1_
Info 9239: The following node is loadless:
   NODE: CLR.
Loading - DATA_MEM_reg_23__0_
Info 9239: The following node is loadless:
   NODE: CLR.
Loading - DATA_MEM_reg_23__1_
Info 9239: The following node is loadless:
   NODE: CLR.
Loading - DATA_MEM_reg_24__0_
Info 9239: The following node is loadless:
   NODE: CLR.
Loading - DATA_MEM_reg_24__1_
Info 9239: The following node is loadless:
   NODE: CLR.
Loading - DATA_MEM_reg_25__0_
Info 9239: The following node is loadless:
   NODE: CLR.
Loading - DATA_MEM_reg_25__1_
Info 9239: The following node is loadless:
   NODE: CLR.
Loading - DATA_MEM_reg_26__0_
Info 9239: The following node is loadless:
   NODE: CLR.
Loading - DATA_MEM_reg_26__1_
Info 9239: The following node is loadless:
   NODE: CLR.
Loading - DATA_MEM_reg_27__0_
Info 9239: The following node is loadless:
   NODE: CLR.
Loading - DATA_MEM_reg_27__1_
Info 9239: The following node is loadless:
   NODE: CLR.
Loading - DATA_MEM_reg_28__0_
Info 9239: The following node is loadless:
   NODE: CLR.
Loading - DATA_MEM_reg_28__1_
Info 9239: The following node is loadless:
   NODE: CLR.
Loading - DATA_MEM_reg_29__0_
Info 9239: The following node is loadless:
   NODE: CLR.
Loading - DATA_MEM_reg_29__1_
Info 9239: The following node is loadless:
   NODE: CLR.
Loading - DATA_MEM_reg_2__0_
Info 9239: The following node is loadless:
   NODE: CLR.
Loading - DATA_MEM_reg_2__1_
Info 9239: The following node is loadless:
   NODE: CLR.
Loading - DATA_MEM_reg_30__0_
Info 9239: The following node is loadless:
   NODE: CLR.
Loading - DATA_MEM_reg_30__1_
Info 9239: The following node is loadless:
   NODE: CLR.
Loading - DATA_MEM_reg_31__0_
Info 9239: The following node is loadless:
   NODE: CLR.
Loading - DATA_MEM_reg_31__1_
Info 9239: The following node is loadless:
   NODE: CLR.
Loading - DATA_MEM_reg_3__0_
Info 9239: The following node is loadless:
   NODE: CLR.
Loading - DATA_MEM_reg_3__1_
Info 9239: The following node is loadless:
   NODE: CLR.
Loading - DATA_MEM_reg_4__0_
Info 9239: The following node is loadless:
   NODE: CLR.
Loading - DATA_MEM_reg_4__1_
Info 9239: The following node is loadless:
   NODE: CLR.
Loading - DATA_MEM_reg_5__0_
Info 9239: The following node is loadless:
   NODE: CLR.
Loading - DATA_MEM_reg_5__1_
Info 9239: The following node is loadless:
   NODE: CLR.
Loading - DATA_MEM_reg_6__0_
Info 9239: The following node is loadless:
   NODE: CLR.
Loading - DATA_MEM_reg_6__1_
Info 9239: The following node is loadless:
   NODE: CLR.
Loading - DATA_MEM_reg_7__0_
Info 9239: The following node is loadless:
   NODE: CLR.
Loading - DATA_MEM_reg_7__1_
Info 9239: The following node is loadless:
   NODE: CLR.
Loading - DATA_MEM_reg_8__0_
Info 9239: The following node is loadless:
   NODE: CLR.
Loading - DATA_MEM_reg_8__1_
Info 9239: The following node is loadless:
   NODE: CLR.
Loading - DATA_MEM_reg_9__0_
Info 9239: The following node is loadless:
   NODE: CLR.
Loading - DATA_MEM_reg_9__1_
Info 9239: The following node is loadless:
   NODE: CLR.
Loading - DATA_OUT_reg_0_
Info 9239: The following node is loadless:
   NODE: CLR.
Loading - DATA_OUT_reg_10_
Info 9239: The following node is loadless:
   NODE: CLR.
Loading - DATA_OUT_reg_11_
Info 9239: The following node is loadless:
   NODE: CLR.
Loading - DATA_OUT_reg_12_
Info 9239: The following node is loadless:
   NODE: CLR.
Loading - DATA_OUT_reg_13_
Info 9239: The following node is loadless:
   NODE: CLR.
Loading - DATA_OUT_reg_14_
Info 9239: The following node is loadless:
   NODE: CLR.
Loading - DATA_OUT_reg_15_
Info 9239: The following node is loadless:
   NODE: CLR.
Loading - DATA_OUT_reg_16_
Info 9239: The following node is loadless:
   NODE: CLR.
Loading - DATA_OUT_reg_17_
Info 9239: The following node is loadless:
   NODE: CLR.
Loading - DATA_OUT_reg_18_
Info 9239: The following node is loadless:
   NODE: CLR.
Loading - DATA_OUT_reg_19_
Info 9239: The following node is loadless:
   NODE: CLR.
Loading - DATA_OUT_reg_1_
Info 9239: The following node is loadless:
   NODE: CLR.
Loading - DATA_OUT_reg_20_
Info 9239: The following node is loadless:
   NODE: CLR.
Loading - DATA_OUT_reg_21_
Info 9239: The following node is loadless:
   NODE: CLR.
Loading - DATA_OUT_reg_22_
Info 9239: The following node is loadless:
   NODE: CLR.
Loading - DATA_OUT_reg_23_
Info 9239: The following node is loadless:
   NODE: CLR.
Loading - DATA_OUT_reg_24_
Info 9239: The following node is loadless:
   NODE: CLR.
Loading - DATA_OUT_reg_25_
Info 9239: The following node is loadless:
   NODE: CLR.
Loading - DATA_OUT_reg_26_
Info 9239: The following node is loadless:
   NODE: CLR.
Loading - DATA_OUT_reg_27_
Info 9239: The following node is loadless:
   NODE: CLR.
Loading - DATA_OUT_reg_28_
Info 9239: The following node is loadless:
   NODE: CLR.
Loading - DATA_OUT_reg_29_
Info 9239: The following node is loadless:
   NODE: CLR.
Loading - DATA_OUT_reg_2_
Info 9239: The following node is loadless:
   NODE: CLR.
Loading - DATA_OUT_reg_30_
Info 9239: The following node is loadless:
   NODE: CLR.
Loading - DATA_OUT_reg_31_
Info 9239: The following node is loadless:
   NODE: CLR.
Loading - DATA_OUT_reg_32_
Info 9239: The following node is loadless:
   NODE: CLR.
Loading - DATA_OUT_reg_33_
Info 9239: The following node is loadless:
   NODE: CLR.
Loading - DATA_OUT_reg_34_
Info 9239: The following node is loadless:
   NODE: CLR.
Loading - DATA_OUT_reg_35_
Info 9239: The following node is loadless:
   NODE: CLR.
Loading - DATA_OUT_reg_36_
Info 9239: The following node is loadless:
   NODE: CLR.
Loading - DATA_OUT_reg_37_
Info 9239: The following node is loadless:
   NODE: CLR.
Loading - DATA_OUT_reg_38_
Info 9239: The following node is loadless:
   NODE: CLR.
Loading - DATA_OUT_reg_39_
Info 9239: The following node is loadless:
   NODE: CLR.
Loading - DATA_OUT_reg_3_
Info 9239: The following node is loadless:
   NODE: CLR.
Loading - DATA_OUT_reg_40_
Info 9239: The following node is loadless:
   NODE: CLR.
Loading - DATA_OUT_reg_41_
Info 9239: The following node is loadless:
   NODE: CLR.
Loading - DATA_OUT_reg_42_
Info 9239: The following node is loadless:
   NODE: CLR.
Loading - DATA_OUT_reg_43_
Info 9239: The following node is loadless:
   NODE: CLR.
Loading - DATA_OUT_reg_44_
Info 9239: The following node is loadless:
   NODE: CLR.
Loading - DATA_OUT_reg_45_
Info 9239: The following node is loadless:
   NODE: CLR.
Loading - DATA_OUT_reg_46_
Info 9239: The following node is loadless:
   NODE: CLR.
Loading - DATA_OUT_reg_47_
Info 9239: The following node is loadless:
   NODE: CLR.
Loading - DATA_OUT_reg_48_
Info 9239: The following node is loadless:
   NODE: CLR.
Loading - DATA_OUT_reg_49_
Info 9239: The following node is loadless:
   NODE: CLR.
Loading - DATA_OUT_reg_4_
Info 9239: The following node is loadless:
   NODE: CLR.
Loading - DATA_OUT_reg_50_
Info 9239: The following node is loadless:
   NODE: CLR.
Loading - DATA_OUT_reg_51_
Info 9239: The following node is loadless:
   NODE: CLR.
Loading - DATA_OUT_reg_52_
Info 9239: The following node is loadless:
   NODE: CLR.
Loading - DATA_OUT_reg_53_
Info 9239: The following node is loadless:
   NODE: CLR.
Loading - DATA_OUT_reg_54_
Info 9239: The following node is loadless:
   NODE: CLR.
Loading - DATA_OUT_reg_55_
Info 9239: The following node is loadless:
   NODE: CLR.
Loading - DATA_OUT_reg_56_
Info 9239: The following node is loadless:
   NODE: CLR.
Loading - DATA_OUT_reg_57_
Info 9239: The following node is loadless:
   NODE: CLR.
Loading - DATA_OUT_reg_58_
Info 9239: The following node is loadless:
   NODE: CLR.
Loading - DATA_OUT_reg_59_
Info 9239: The following node is loadless:
   NODE: CLR.
Loading - DATA_OUT_reg_5_
Info 9239: The following node is loadless:
   NODE: CLR.
Loading - DATA_OUT_reg_60_
Info 9239: The following node is loadless:
   NODE: CLR.
Loading - DATA_OUT_reg_61_
Info 9239: The following node is loadless:
   NODE: CLR.
Loading - DATA_OUT_reg_62_
Info 9239: The following node is loadless:
   NODE: CLR.
Loading - DATA_OUT_reg_63_
Info 9239: The following node is loadless:
   NODE: CLR.
Loading - DATA_OUT_reg_6_
Info 9239: The following node is loadless:
   NODE: CLR.
Loading - DATA_OUT_reg_7_
Info 9239: The following node is loadless:
   NODE: CLR.
Loading - DATA_OUT_reg_8_
Info 9239: The following node is loadless:
   NODE: CLR.
Loading - DATA_OUT_reg_9_
Info 9239: The following node is loadless:
   NODE: CLR.
Loading - U1
===============================
EDIF Netlist Loading Statistics
===============================
Number of hierarchical blocks: 130
Total number of cell types: 142
Total number of cell instances: 1843
Total number of EDIF blocks: 129
Total number of models taken from libraries: 7
Total number of automatic/internal models: 5
Total number of missing models: 0
Total number of signals (block ports and labels): 2555
Total number of labels: 1571
Total number of nets: 2550
Total number of net elements: 8125
Total number of generic values: 1764
Total number of port generic values: 641
Memory usage statistics:
    Total number of allocated memory blocks: 29673 (2684)
    Total number of memory reallocations: 1
    Total length of memory used to load the netlist: 2361 kB (56)
    Total length of memory used by EDIF parser: 1280 kB
    Number of system memory blocks (total/long): 8/0
Netlist loaded in: 1 seconds
Parsing time: 0 seconds
===============================
